<?xml version="1.0" encoding="UTF-8"?>
<testng-results ignored="0" total="1" passed="1" failed="0" skipped="0">
  <reporter-output>
  </reporter-output>
  <suite started-at="2025-01-22T22:18:38 IST" name="Default suite" finished-at="2025-01-22T22:18:39 IST" duration-ms="1438">
    <groups>
      <group name="cucumber">
        <method signature="AbstractTestNGCucumberTests.runScenario(io.cucumber.testng.PickleWrapper,io.cucumber.testng.FeatureWrapper)[pri:0, instance:runner.TestRunnerClass@5c90e579]" name="runScenario" class="io.cucumber.testng.AbstractTestNGCucumberTests"/>
      </group> <!-- cucumber -->
    </groups>
    <test started-at="2025-01-22T22:18:38 IST" name="Default test" finished-at="2025-01-22T22:18:39 IST" duration-ms="1438">
      <class name="runner.TestRunnerClass">
        <test-method is-config="true" signature="setUpClass(org.testng.ITestContext)[pri:0, instance:runner.TestRunnerClass@5c90e579]" started-at="2025-01-22T22:18:38 IST" name="setUpClass" finished-at="2025-01-22T22:18:39 IST" duration-ms="1041" status="PASS">
          <params>
            <param index="0">
              <value>
                <![CDATA[org.testng.TestRunner@323e8306]]>
              </value>
            </param>
          </params>
          <reporter-output>
          </reporter-output>
        </test-method> <!-- setUpClass -->
        <test-method signature="runScenario(io.cucumber.testng.PickleWrapper,io.cucumber.testng.FeatureWrapper)[pri:0, instance:runner.TestRunnerClass@5c90e579]" started-at="2025-01-22T22:18:39 IST" name="runScenario" description="Runs Cucumber Scenarios" data-provider="scenarios" finished-at="2025-01-22T22:18:39 IST" duration-ms="199" status="PASS">
          <params>
            <param index="0">
              <value>
                <![CDATA["Admin Panel Manager Users Delete"]]>
              </value>
            </param>
            <param index="1">
              <value>
                <![CDATA["TC19_Admin Panel"]]>
              </value>
            </param>
          </params>
          <reporter-output>
          </reporter-output>
        </test-method> <!-- runScenario -->
        <test-method is-config="true" signature="tearDownClass()[pri:0, instance:runner.TestRunnerClass@5c90e579]" started-at="2025-01-22T22:18:39 IST" name="tearDownClass" finished-at="2025-01-22T22:18:39 IST" duration-ms="95" status="PASS">
          <reporter-output>
          </reporter-output>
        </test-method> <!-- tearDownClass -->
      </class> <!-- runner.TestRunnerClass -->
    </test> <!-- Default test -->
  </suite> <!-- Default suite -->
</testng-results>
