<?xml version="1.0" encoding="UTF-8"?>
<testng-results ignored="0" total="1" passed="1" failed="0" skipped="0">
  <reporter-output>
  </reporter-output>
  <suite started-at="2025-01-17T00:29:49 IST" name="Default suite" finished-at="2025-01-17T00:30:05 IST" duration-ms="15687">
    <groups>
      <group name="cucumber">
        <method signature="AbstractTestNGCucumberTests.runScenario(io.cucumber.testng.PickleWrapper,io.cucumber.testng.FeatureWrapper)[pri:0, instance:runner.TestRunnerClass@4961f6af]" name="runScenario" class="io.cucumber.testng.AbstractTestNGCucumberTests"/>
      </group> <!-- cucumber -->
    </groups>
    <test started-at="2025-01-17T00:29:49 IST" name="Default test" finished-at="2025-01-17T00:30:05 IST" duration-ms="15687">
      <class name="runner.TestRunnerClass">
        <test-method is-config="true" signature="setUpClass(org.testng.ITestContext)[pri:0, instance:runner.TestRunnerClass@4961f6af]" started-at="2025-01-17T00:29:49 IST" name="setUpClass" finished-at="2025-01-17T00:29:50 IST" duration-ms="670" status="PASS">
          <params>
            <param index="0">
              <value>
                <![CDATA[org.testng.TestRunner@2f4ba1ae]]>
              </value>
            </param>
          </params>
          <reporter-output>
          </reporter-output>
        </test-method> <!-- setUpClass -->
        <test-method signature="runScenario(io.cucumber.testng.PickleWrapper,io.cucumber.testng.FeatureWrapper)[pri:0, instance:runner.TestRunnerClass@4961f6af]" started-at="2025-01-17T00:29:50 IST" name="runScenario" description="Runs Cucumber Scenarios" data-provider="scenarios" finished-at="2025-01-17T00:30:05 IST" duration-ms="14892" status="PASS">
          <params>
            <param index="0">
              <value>
                <![CDATA["Validating payemnts page"]]>
              </value>
            </param>
            <param index="1">
              <value>
                <![CDATA["Payment Page Validation"]]>
              </value>
            </param>
          </params>
          <reporter-output>
          </reporter-output>
        </test-method> <!-- runScenario -->
        <test-method is-config="true" signature="tearDownClass()[pri:0, instance:runner.TestRunnerClass@4961f6af]" started-at="2025-01-17T00:30:05 IST" name="tearDownClass" finished-at="2025-01-17T00:30:05 IST" duration-ms="77" status="PASS">
          <reporter-output>
          </reporter-output>
        </test-method> <!-- tearDownClass -->
      </class> <!-- runner.TestRunnerClass -->
    </test> <!-- Default test -->
  </suite> <!-- Default suite -->
</testng-results>
